<?xml version="1.0" encoding="UTF-8"?>
<testsuite name="ohtu.verkkokauppa.KauppaTest" tests="2" skipped="0" failures="0" errors="0" timestamp="2017-11-26T12:27:07" hostname="fuxi16" time="0.891">
  <properties/>
  <testcase name="ostoksenPaaytyttyaPankinMetodiaTilisiirtoKutsutaan" classname="ohtu.verkkokauppa.KauppaTest" time="0.889"/>
  <testcase name="aloitaAsiointiLisaaTuotteitaSuoritaOstosKutsutaanTilisiirtoOikein" classname="ohtu.verkkokauppa.KauppaTest" time="0.002"/>
  <system-out><![CDATA[]]></system-out>
  <system-err><![CDATA[]]></system-err>
</testsuite>
